proguard/seeds.txt
com.athudong.video.BaseActivity: BaseActivity()
com.athudong.video.MainActivity
com.athudong.video.MainActivity: MainActivity()
com.athudong.video.MainActivity: void onClick(android.view.View)
com.athudong.video.R$anim: int in_from_left
com.athudong.video.R$anim: int in_from_right
com.athudong.video.R$anim: int out_to_left
com.athudong.video.R$anim: int out_to_right
com.athudong.video.R$anim: int push_bottom_in
com.athudong.video.R$anim: int push_bottom_out
com.athudong.video.R$anim: int slide_in_from_bottom
com.athudong.video.R$anim: int slide_in_from_top
com.athudong.video.R$anim: int slide_out_to_bottom
com.athudong.video.R$anim: int slide_out_to_top
com.athudong.video.R$attr: int color
com.athudong.video.R$attr: int ptrAdapterViewBackground
com.athudong.video.R$attr: int ptrAnimationStyle
com.athudong.video.R$attr: int ptrDrawable
com.athudong.video.R$attr: int ptrDrawableBottom
com.athudong.video.R$attr: int ptrDrawableEnd
com.athudong.video.R$attr: int ptrDrawableStart
com.athudong.video.R$attr: int ptrDrawableTop
com.athudong.video.R$attr: int ptrHeaderBackground
com.athudong.video.R$attr: int ptrHeaderSubTextColor
com.athudong.video.R$attr: int ptrHeaderTextAppearance
com.athudong.video.R$attr: int ptrHeaderTextColor
com.athudong.video.R$attr: int ptrListViewExtrasEnabled
com.athudong.video.R$attr: int ptrMode
com.athudong.video.R$attr: int ptrOverScroll
com.athudong.video.R$attr: int ptrRefreshableViewBackground
com.athudong.video.R$attr: int ptrRotateDrawableWhilePulling
com.athudong.video.R$attr: int ptrScrollingWhileRefreshingEnabled
com.athudong.video.R$attr: int ptrShowIndicator
com.athudong.video.R$attr: int ptrSubHeaderTextAppearance
com.athudong.video.R$attr: int type
com.athudong.video.R$dimen: int actionbar_height
com.athudong.video.R$dimen: int activity_horizontal_margin
com.athudong.video.R$dimen: int activity_vertical_margin
com.athudong.video.R$dimen: int btn_show_margin
com.athudong.video.R$dimen: int coverflow_height
com.athudong.video.R$dimen: int header_footer_left_right_padding
com.athudong.video.R$dimen: int header_footer_top_bottom_padding
com.athudong.video.R$dimen: int indicator_corner_radius
com.athudong.video.R$dimen: int indicator_internal_padding
com.athudong.video.R$dimen: int indicator_right_padding
com.athudong.video.R$dimen: int loading_dialog_img_size
com.athudong.video.R$dimen: int select_img_height
com.athudong.video.R$dimen: int select_img_left_margin
com.athudong.video.R$dimen: int select_img_padding
com.athudong.video.R$drawable: int default_ptr_flip
com.athudong.video.R$drawable: int default_ptr_rotate
com.athudong.video.R$drawable: int head_select_bg
com.athudong.video.R$drawable: int head_select_bg_trans
com.athudong.video.R$drawable: int ic_launcher
com.athudong.video.R$drawable: int indicator_arrow
com.athudong.video.R$drawable: int indicator_bg_bottom
com.athudong.video.R$drawable: int indicator_bg_top
com.athudong.video.R$drawable: int loading
com.athudong.video.R$drawable: int loading_bg
com.athudong.video.R$drawable: int main_select_01
com.athudong.video.R$drawable: int main_select_02
com.athudong.video.R$drawable: int main_select_03
com.athudong.video.R$drawable: int main_select_03_btn
com.athudong.video.R$drawable: int main_select_03_press
com.athudong.video.R$drawable: int main_select_line
com.athudong.video.R$drawable: int main_select_round
com.athudong.video.R$drawable: int test_head_01
com.athudong.video.R$drawable: int test_head_02
com.athudong.video.R$drawable: int test_head_03
com.athudong.video.R$drawable: int test_head_04
com.athudong.video.R$drawable: int test_head_05
com.athudong.video.R$drawable: int test_head_06
com.athudong.video.R$drawable: int test_head_07
com.athudong.video.R$drawable: int test_head_08
com.athudong.video.R$drawable: int thumb_btn
com.athudong.video.R$drawable: int thumb_btn_default
com.athudong.video.R$drawable: int thumb_btn_press
...
com.handmark.pulltorefresh.library.ILoadingLayout
com.handmark.pulltorefresh.library.ILoadingLayout: void setLastUpdatedLabel(java.lang.CharSequence)
com.handmark.pulltorefresh.library.ILoadingLayout: void setLoadingDrawable(android.graphics.drawable.Drawable)
com.handmark.pulltorefresh.library.ILoadingLayout: void setPullLabel(java.lang.CharSequence)
com.handmark.pulltorefresh.library.ILoadingLayout: void setRefreshingLabel(java.lang.CharSequence)
com.handmark.pulltorefresh.library.ILoadingLayout: void setReleaseLabel(java.lang.CharSequence)
com.handmark.pulltorefresh.library.ILoadingLayout: void setTextTypeface(android.graphics.Typeface)
com.handmark.pulltorefresh.library.IPullToRefresh
com.handmark.pulltorefresh.library.IPullToRefresh: boolean demo()
com.handmark.pulltorefresh.library.IPullToRefresh: com.handmark.pulltorefresh.library.PullToRefreshBase$Mode getCurrentMode()
com.handmark.pulltorefresh.library.IPullToRefresh: boolean getFilterTouchEvents()
com.handmark.pulltorefresh.library.IPullToRefresh: com.handmark.pulltorefresh.library.ILoadingLayout getLoadingLayoutProxy()
com.handmark.pulltorefresh.library.IPullToRefresh: com.handmark.pulltorefresh.library.ILoadingLayout getLoadingLayoutProxy(boolean,boolean)
com.handmark.pulltorefresh.library.IPullToRefresh: com.handmark.pulltorefresh.library.PullToRefreshBase$Mode getMode()
com.handmark.pulltorefresh.library.IPullToRefresh: android.view.View getRefreshableView()
com.handmark.pulltorefresh.library.IPullToRefresh: boolean getShowViewWhileRefreshing()
com.handmark.pulltorefresh.library.IPullToRefresh: com.handmark.pulltorefresh.library.PullToRefreshBase$State getState()
com.handmark.pulltorefresh.library.IPullToRefresh: boolean isPullToRefreshEnabled()
com.handmark.pulltorefresh.library.IPullToRefresh: boolean isPullToRefreshOverScrollEnabled()
com.handmark.pulltorefresh.library.IPullToRefresh: boolean isRefreshing()
com.handmark.pulltorefresh.library.IPullToRefresh: boolean isScrollingWhileRefreshingEnabled()
com.handmark.pulltorefresh.library.IPullToRefresh: void onRefreshComplete()
com.handmark.pulltorefresh.library.LoadingLayoutProxy
com.handmark.pulltorefresh.library.LoadingLayoutProxy: java.util.HashSet mLoadingLayouts
com.handmark.pulltorefresh.library.LoadingLayoutProxy: LoadingLayoutProxy()
com.handmark.pulltorefresh.library.LoadingLayoutProxy: void addLayout(com.handmark.pulltorefresh.library.internal.LoadingLayout)
com.handmark.pulltorefresh.library.LoadingLayoutProxy: void setLastUpdatedLabel(java.lang.CharSequence)
com.handmark.pulltorefresh.library.LoadingLayoutProxy: void setLoadingDrawable(android.graphics.drawable.Drawable)
com.handmark.pulltorefresh.library.LoadingLayoutProxy: void setRefreshingLabel(java.lang.CharSequence)
com.handmark.pulltorefresh.library.LoadingLayoutProxy: void setPullLabel(java.lang.CharSequence)
com.handmark.pulltorefresh.library.LoadingLayoutProxy: void setReleaseLabel(java.lang.CharSequence)
com.handmark.pulltorefresh.library.LoadingLayoutProxy: void setTextTypeface(android.graphics.Typeface)