proguard/mapping.txt
com.athudong.video.BaseActivity -> com.athudong.video.a:
    java.util.List taskList -> a
    boolean isVisiable -> b
    boolean isFinished -> c
    void onCreate(android.os.Bundle) -> onCreate
    void initView(android.os.Bundle) -> a
    void cleanAllTask() -> a
    void onResume() -> onResume
    void onStart() -> onStart
    void beforeEveryVisable() -> b
    void afterEveryInVisable() -> c
    void onStop() -> onStop
    void toast(java.lang.String) -> a
    void backAnim() -> d
    void startAnim() -> e
    void startActivity(android.content.Intent) -> startActivity
    void finish() -> finish
    boolean onTouchEvent(android.view.MotionEvent) -> onTouchEvent
    void onDestroy() -> onDestroy
    void beforeDestory() -> f
com.athudong.video.MainActivity -> com.athudong.video.MainActivity:
    android.view.View midHead -> a
    android.view.View leftHead -> b
    android.view.View rightHead -> c
    int length -> d
    java.util.List threeHead -> e
    com.nineoldandroids.view.animation.AnimatorProxy proxy2 -> f
    boolean isExit -> g
    android.os.Handler mHandler -> h
    void initView(android.os.Bundle) -> a
    void onClick(android.view.View) -> onClick
    void left() -> g
    void right() -> h
    void beforeEveryVisable() -> b
    void afterEveryInVisable() -> c
    void beforeDestory() -> f
    boolean onKeyDown(int,android.view.KeyEvent) -> onKeyDown
    void ToQuitTheApp() -> i
    void access$0(com.athudong.video.MainActivity,boolean) -> a
    void access$1(com.athudong.video.MainActivity) -> a
    void access$2(com.athudong.video.MainActivity) -> b
com.athudong.video.MainActivity$1 -> com.athudong.video.b:
    com.athudong.video.MainActivity this$0 -> a
    void handleMessage(android.os.Message) -> handleMessage
com.athudong.video.MainActivity$2 -> com.athudong.video.c:
    float x -> a
    com.athudong.video.MainActivity this$0 -> b
    boolean onTouch(android.view.View,android.view.MotionEvent) -> onTouch
com.athudong.video.MainActivity$3 -> com.athudong.video.d:
    com.athudong.video.MainActivity this$0 -> a
    void run() -> run
com.athudong.video.R -> com.athudong.video.e:
com.athudong.video.R$styleable -> com.athudong.video.f:
    int[] PullToRefresh -> PullToRefresh
    int PullToRefresh_ptrAdapterViewBackground -> PullToRefresh_ptrAdapterViewBackground
    int PullToRefresh_ptrAnimationStyle -> PullToRefresh_ptrAnimationStyle
    int PullToRefresh_ptrDrawable -> PullToRefresh_ptrDrawable
    int PullToRefresh_ptrDrawableBottom -> PullToRefresh_ptrDrawableBottom
    int PullToRefresh_ptrDrawableEnd -> PullToRefresh_ptrDrawableEnd
    int PullToRefresh_ptrDrawableStart -> PullToRefresh_ptrDrawableStart
    int PullToRefresh_ptrDrawableTop -> PullToRefresh_ptrDrawableTop
    int PullToRefresh_ptrHeaderBackground -> PullToRefresh_ptrHeaderBackground
    int PullToRefresh_ptrHeaderSubTextColor -> PullToRefresh_ptrHeaderSubTextColor
    int PullToRefresh_ptrHeaderTextAppearance -> PullToRefresh_ptrHeaderTextAppearance
    int PullToRefresh_ptrHeaderTextColor -> PullToRefresh_ptrHeaderTextColor
    int PullToRefresh_ptrListViewExtrasEnabled -> PullToRefresh_ptrListViewExtrasEnabled
    int PullToRefresh_ptrMode -> PullToRefresh_ptrMode
    int PullToRefresh_ptrOverScroll -> PullToRefresh_ptrOverScroll
    int PullToRefresh_ptrRefreshableViewBackground -> PullToRefresh_ptrRefreshableViewBackground
    int PullToRefresh_ptrRotateDrawableWhilePulling -> PullToRefresh_ptrRotateDrawableWhilePulling
    int PullToRefresh_ptrScrollingWhileRefreshingEnabled -> PullToRefresh_ptrScrollingWhileRefreshingEnabled
com.athudong.video.component.AnimatorPath -> com.athudong.video.component.a:
    java.util.ArrayList mPoints -> a
    void moveTo(float,float) -> a
    void lineTo(float,float) -> b
    java.util.Collection getPoints() -> a
...
com.handmark.pulltorefresh.library.OverscrollHelper -> com.handmark.pulltorefresh.library.OverscrollHelper:
    java.lang.String LOG_TAG -> LOG_TAG
    float DEFAULT_OVERSCROLL_SCALE -> DEFAULT_OVERSCROLL_SCALE
    int[] $SWITCH_TABLE$com$handmark$pulltorefresh$library$PullToRefreshBase$Orientation -> $SWITCH_TABLE$com$handmark$pulltorefresh$library$PullToRefreshBase$Orientation
    void overScrollBy(com.handmark.pulltorefresh.library.PullToRefreshBase,int,int,int,int,boolean) -> overScrollBy
    void overScrollBy(com.handmark.pulltorefresh.library.PullToRefreshBase,int,int,int,int,int,boolean) -> overScrollBy
    void overScrollBy(com.handmark.pulltorefresh.library.PullToRefreshBase,int,int,int,int,int,int,float,boolean) -> overScrollBy
    boolean isAndroidOverScrollEnabled(android.view.View) -> isAndroidOverScrollEnabled
    int[] $SWITCH_TABLE$com$handmark$pulltorefresh$library$PullToRefreshBase$Orientation() -> $SWITCH_TABLE$com$handmark$pulltorefresh$library$PullToRefreshBase$Orientation
com.handmark.pulltorefresh.library.PullToRefreshAdapterViewBase -> com.handmark.pulltorefresh.library.PullToRefreshAdapterViewBase:
    boolean mLastItemVisible -> mLastItemVisible
    android.widget.AbsListView$OnScrollListener mOnScrollListener -> mOnScrollListener
    com.handmark.pulltorefresh.library.PullToRefreshBase$OnLastItemVisibleListener mOnLastItemVisibleListener -> mOnLastItemVisibleListener
    android.view.View mEmptyView -> mEmptyView
    com.handmark.pulltorefresh.library.internal.IndicatorLayout mIndicatorIvTop -> mIndicatorIvTop
    com.handmark.pulltorefresh.library.internal.IndicatorLayout mIndicatorIvBottom -> mIndicatorIvBottom
    boolean mShowIndicator -> mShowIndicator
    boolean mScrollEmptyView -> mScrollEmptyView
    int[] $SWITCH_TABLE$com$handmark$pulltorefresh$library$PullToRefreshBase$Mode -> $SWITCH_TABLE$com$handmark$pulltorefresh$library$PullToRefreshBase$Mode
    android.widget.FrameLayout$LayoutParams convertEmptyViewLayoutParams(android.view.ViewGroup$LayoutParams) -> convertEmptyViewLayoutParams
    boolean getShowIndicator() -> getShowIndicator
    void onScroll(android.widget.AbsListView,int,int,int) -> onScroll
    void onScrollStateChanged(android.widget.AbsListView,int) -> onScrollStateChanged
    void setAdapter(android.widget.ListAdapter) -> setAdapter
    void setEmptyView(android.view.View) -> setEmptyView
com.handmark.pulltorefresh.library.PullToRefreshBase -> com.handmark.pulltorefresh.library.PullToRefreshBase:
    boolean DEBUG -> DEBUG
    boolean USE_HW_LAYERS -> USE_HW_LAYERS
    java.lang.String LOG_TAG -> LOG_TAG
    float FRICTION -> FRICTION
    int SMOOTH_SCROLL_DURATION_MS -> SMOOTH_SCROLL_DURATION_MS
    int SMOOTH_SCROLL_LONG_DURATION_MS -> SMOOTH_SCROLL_LONG_DURATION_MS
    int DEMO_SCROLL_INTERVAL -> DEMO_SCROLL_INTERVAL
    java.lang.String STATE_STATE -> STATE_STATE
    java.lang.String STATE_MODE -> STATE_MODE
    java.lang.String STATE_CURRENT_MODE -> STATE_CURRENT_MODE
    java.lang.String STATE_SCROLLING_REFRESHING_ENABLED -> STATE_SCROLLING_REFRESHING_ENABLED
    java.lang.String STATE_SHOW_REFRESHING_VIEW -> STATE_SHOW_REFRESHING_VIEW
    java.lang.String STATE_SUPER -> STATE_SUPER
    int mTouchSlop -> mTouchSlop
    float mLastMotionX -> mLastMotionX
    float mLastMotionY -> mLastMotionY
    float mInitialMotionX -> mInitialMotionX
    float mInitialMotionY -> mInitialMotionY
    boolean mIsBeingDragged -> mIsBeingDragged
    com.handmark.pulltorefresh.library.PullToRefreshBase$State mState -> mState
    com.handmark.pulltorefresh.library.PullToRefreshBase$Mode mMode -> mMode
    com.handmark.pulltorefresh.library.PullToRefreshBase$Mode mCurrentMode -> mCurrentMode
    android.view.View mRefreshableView -> mRefreshableView
    android.widget.FrameLayout mRefreshableViewWrapper -> mRefreshableViewWrapper