proguard/usage.txt
com.athudong.video.BaseActivity:
    private static final java.lang.String PRE_ROOT_KEY
    50:50:public android.os.Handler getHandler()
    62:65:public void addTask(com.athudong.video.task.BaseTask)
    92:92:public boolean isFinished()
    128:128:public boolean isVisiable()
    135:136:public com.athudong.video.bean.User getUser()
    153:157:public void log(java.lang.String)
    170:179:public int getVersionCode()
    193:194:public android.view.View createView(int)
    201:201:private android.view.LayoutInflater getInflater()
    208:208:public int getTitleBarHeight()
    218:218:public int getScreenHeight()
    226:226:public int getScreenWidth()
    233:233:public java.lang.String getResString(int)
    238:251:protected java.lang.String getFromAssets(java.lang.String)
    273:277:public void saveDataString(java.lang.String,java.lang.String)
    283:287:public void saveDataInt(java.lang.String,int)
    293:294:public int getDataInt(java.lang.String)
    301:302:public java.lang.String getDataString(java.lang.String)
    309:313:protected void cleanPreData()
    324:324:protected android.content.SharedPreferences getPreference()
    354:354:public java.lang.String getServerAddr()
    361:367:public java.lang.String getAppCacheDir()
    public abstract void executeTaskResult(com.athudong.video.task.BaseTask,java.lang.Object)
    385:400:public android.graphics.Bitmap readBitmapAutoSize(java.lang.String,int,int)
com.athudong.video.BuildConfig
com.athudong.video.MainActivity:
    private static final int DUR_TIME
    110:112:public void setTwoLoc(com.athudong.video.component.PathPoint)
    136:136:public void executeTaskResult(com.athudong.video.task.BaseTask,java.lang.Object)
com.athudong.video.R:
    10:10:public R()
com.athudong.video.R$anim
com.athudong.video.R$attr
com.athudong.video.R$dimen
com.athudong.video.R$drawable
com.athudong.video.R$id
com.athudong.video.R$layout
com.athudong.video.R$string
com.athudong.video.R$style
com.athudong.video.R$styleable:
    303:303:public R$styleable()
com.athudong.video.bean.User
com.athudong.video.component.AnimatorPath:
    58:59:public void curveTo(float,float,float,float,float,float)
com.athudong.video.component.ButtonTouchListener
com.athudong.video.component.CoverFlow
com.athudong.video.component.PathPoint:
    public static final int MOVE
    public static final int LINE
    public static final int CURVE
    69:77:private PathPoint(float,float,float,float,float,float)
    91:91:public static com.athudong.video.component.PathPoint curveTo(float,float,float,float,float,float)
com.athudong.video.dialog.LoadingDialog
com.athudong.video.dialog.LoadingDialog$1
com.athudong.video.task.BaseTask:
    private com.athudong.video.BaseActivity act
    14:16:public BaseTask(com.athudong.video.BaseActivity)
    20:23:protected varargs java.lang.Void doInBackground(java.lang.Void[])
    protected abstract void doInBackground()
    33:38:protected void onPostExecute(java.lang.Void)
    41:41:public com.athudong.video.BaseActivity getActivity()
    46:49:protected varargs void onProgressUpdate(java.lang.Void[])
    protected abstract void onProgressUpdate()
    protected abstract java.lang.Object onPostExecute()
    1:1:protected bridge synthetic void onPostExecute(java.lang.Object)
    1:1:protected bridge varargs synthetic java.lang.Object doInBackground(java.lang.Object[])
    1:1:protected bridge varargs synthetic void onProgressUpdate(java.lang.Object[])
com.athudong.video.util.DateUtil
com.athudong.video.util.StringUtil
com.athudong.video.util.TestUtil
...
android.support.v4.view.ActionProvider
android.support.v4.view.ActionProvider$SubUiVisibilityListener
android.support.v4.view.ActionProvider$VisibilityListener
android.support.v4.view.GestureDetectorCompat
android.support.v4.view.GestureDetectorCompat$GestureDetectorCompatImpl
android.support.v4.view.GestureDetectorCompat$GestureDetectorCompatImplBase
android.support.v4.view.GestureDetectorCompat$GestureDetectorCompatImplBase$GestureHandler
android.support.v4.view.GestureDetectorCompat$GestureDetectorCompatImplJellybeanMr2
android.support.v4.view.GravityCompat:
    public static final int RELATIVE_LAYOUT_DIRECTION
    public static final int START
    public static final int END
    public static final int RELATIVE_HORIZONTAL_GRAVITY_MASK
    27:62:public GravityCompat()
    132:133:public static void apply(int,int,int,android.graphics.Rect,android.graphics.Rect,int)
    162:163:public static void apply(int,int,int,android.graphics.Rect,int,int,android.graphics.Rect,int)
    186:187:public static void applyDisplay(int,android.graphics.Rect,android.graphics.Rect,int)
android.support.v4.view.GravityCompat$GravityCompatImpl:
    public abstract void apply(int,int,int,android.graphics.Rect,android.graphics.Rect,int)
    public abstract void apply(int,int,int,android.graphics.Rect,int,int,android.graphics.Rect,int)
    public abstract void applyDisplay(int,android.graphics.Rect,android.graphics.Rect,int)
android.support.v4.view.GravityCompat$GravityCompatImplBase:
    46:47:public void apply(int,int,int,android.graphics.Rect,android.graphics.Rect,int)
    52:53:public void apply(int,int,int,android.graphics.Rect,int,int,android.graphics.Rect,int)
    58:59:public void applyDisplay(int,android.graphics.Rect,android.graphics.Rect,int)
android.support.v4.view.GravityCompat$GravityCompatImplJellybeanMr1:
    71:72:public void apply(int,int,int,android.graphics.Rect,android.graphics.Rect,int)
    77:79:public void apply(int,int,int,android.graphics.Rect,int,int,android.graphics.Rect,int)
    83:84:public void applyDisplay(int,android.graphics.Rect,android.graphics.Rect,int)
android.support.v4.view.GravityCompatJellybeanMr1:
    23:23:GravityCompatJellybeanMr1()
    31:32:public static void apply(int,int,int,android.graphics.Rect,android.graphics.Rect,int)
    36:37:public static void apply(int,int,int,android.graphics.Rect,int,int,android.graphics.Rect,int)
    40:41:public static void applyDisplay(int,android.graphics.Rect,android.graphics.Rect,int)
android.support.v4.view.KeyEventCompat:
    26:144:public KeyEventCompat()
    176:176:public static int normalizeMetaState(int)
    180:180:public static boolean metaStateHasModifiers(int,int)
    184:184:public static boolean metaStateHasNoModifiers(int)
    200:200:public static boolean isTracking(android.view.KeyEvent)
    204:204:public static java.lang.Object getKeyDispatcherState(android.view.View)
    209:209:public static boolean dispatch(android.view.KeyEvent,android.view.KeyEvent$Callback,java.lang.Object,java.lang.Object)
android.support.v4.view.KeyEventCompat$BaseKeyEventVersionImpl:
    private static final int META_MODIFIER_MASK
    private static final int META_ALL_MASK
    103:103:public boolean isTracking(android.view.KeyEvent)
    108:108:public java.lang.Object getKeyDispatcherState(android.view.View)
    114:114:public boolean dispatch(android.view.KeyEvent,android.view.KeyEvent$Callback,java.lang.Object,java.lang.Object)
android.support.v4.view.KeyEventCompat$EclairKeyEventVersionImpl:
    126:126:public boolean isTracking(android.view.KeyEvent)
    131:131:public java.lang.Object getKeyDispatcherState(android.view.View)
    137:137:public boolean dispatch(android.view.KeyEvent,android.view.KeyEvent$Callback,java.lang.Object,java.lang.Object)